[0.452s] DEBUG:colcon:Command line arguments: ['/usr/bin/colcon', 'list', '-p', '--base-paths', '/home/ubuntu/ros2_ws/src/my_py_pkg/my_py_pkg']
[0.453s] DEBUG:colcon:Parsed command line arguments: Namespace(base_paths=['/home/ubuntu/ros2_ws/src/my_py_pkg/my_py_pkg'], build_base='build', ignore_user_meta=False, log_base=None, log_level=None, main=<bound method ListVerb.main of <colcon_package_information.verb.list.ListVerb object at 0x7f05b5604670>>, metas=['./colcon.meta'], names_only=False, packages_above=None, packages_above_and_dependencies=None, packages_above_depth=None, packages_end=None, packages_ignore=None, packages_ignore_regex=None, packages_select=None, packages_select_build_failed=False, packages_select_by_dep=None, packages_select_regex=None, packages_select_test_failures=False, packages_skip=None, packages_skip_build_finished=False, packages_skip_by_dep=None, packages_skip_regex=None, packages_skip_test_passed=False, packages_skip_up_to=None, packages_start=None, packages_up_to=None, packages_up_to_regex=None, paths=None, paths_only=True, topological_graph=False, topological_graph_density=False, topological_graph_dot=False, topological_graph_dot_cluster=False, topological_graph_dot_include_skipped=False, topological_graph_legend=False, topological_order=False, verb_extension=<colcon_package_information.verb.list.ListVerb object at 0x7f05b5604670>, verb_name='list', verb_parser=<colcon_defaults.argument_parser.defaults.DefaultArgumentsDecorator object at 0x7f05b5515df0>)
[0.545s] Level 1:colcon.colcon_core.package_discovery:discover_packages(colcon_meta) check parameters
[0.546s] Level 1:colcon.colcon_core.package_discovery:discover_packages(recursive) check parameters
[0.546s] Level 1:colcon.colcon_core.package_discovery:discover_packages(ignore) check parameters
[0.547s] Level 1:colcon.colcon_core.package_discovery:discover_packages(path) check parameters
[0.547s] Level 1:colcon.colcon_core.package_discovery:discover_packages(recursive) discover
[0.548s] INFO:colcon.colcon_core.package_discovery:Crawling recursively for packages in '/home/ubuntu/ros2_ws/src/my_py_pkg/my_py_pkg'
[0.548s] Level 1:colcon.colcon_core.package_identification:_identify(/home/ubuntu/ros2_ws/src/my_py_pkg/my_py_pkg) by extensions ['ignore', 'ignore_ament_install']
[0.549s] Level 1:colcon.colcon_core.package_identification:_identify(/home/ubuntu/ros2_ws/src/my_py_pkg/my_py_pkg) by extension 'ignore'
[0.549s] Level 1:colcon.colcon_core.package_identification:_identify(/home/ubuntu/ros2_ws/src/my_py_pkg/my_py_pkg) by extension 'ignore_ament_install'
[0.549s] Level 1:colcon.colcon_core.package_identification:_identify(/home/ubuntu/ros2_ws/src/my_py_pkg/my_py_pkg) by extensions ['colcon_pkg']
[0.550s] Level 1:colcon.colcon_core.package_identification:_identify(/home/ubuntu/ros2_ws/src/my_py_pkg/my_py_pkg) by extension 'colcon_pkg'
[0.551s] Level 1:colcon.colcon_core.package_identification:_identify(/home/ubuntu/ros2_ws/src/my_py_pkg/my_py_pkg) by extensions ['colcon_meta']
[0.551s] Level 1:colcon.colcon_core.package_identification:_identify(/home/ubuntu/ros2_ws/src/my_py_pkg/my_py_pkg) by extension 'colcon_meta'
[0.552s] Level 1:colcon.colcon_core.package_identification:_identify(/home/ubuntu/ros2_ws/src/my_py_pkg/my_py_pkg) by extensions ['ros']
[0.552s] Level 1:colcon.colcon_core.package_identification:_identify(/home/ubuntu/ros2_ws/src/my_py_pkg/my_py_pkg) by extension 'ros'
[0.572s] Level 1:colcon.colcon_core.package_identification:_identify(/home/ubuntu/ros2_ws/src/my_py_pkg/my_py_pkg) by extensions ['cmake', 'python']
[0.573s] Level 1:colcon.colcon_core.package_identification:_identify(/home/ubuntu/ros2_ws/src/my_py_pkg/my_py_pkg) by extension 'cmake'
[0.574s] Level 1:colcon.colcon_core.package_identification:_identify(/home/ubuntu/ros2_ws/src/my_py_pkg/my_py_pkg) by extension 'python'
[0.574s] Level 1:colcon.colcon_core.package_identification:_identify(/home/ubuntu/ros2_ws/src/my_py_pkg/my_py_pkg) by extensions ['python_setup_py']
[0.575s] Level 1:colcon.colcon_core.package_identification:_identify(/home/ubuntu/ros2_ws/src/my_py_pkg/my_py_pkg) by extension 'python_setup_py'
[0.576s] Level 1:colcon.colcon_core.package_identification:_identify(/home/ubuntu/ros2_ws/src/my_py_pkg/my_py_pkg/log) by extensions ['ignore', 'ignore_ament_install']
[0.576s] Level 1:colcon.colcon_core.package_identification:_identify(/home/ubuntu/ros2_ws/src/my_py_pkg/my_py_pkg/log) by extension 'ignore'
[0.577s] Level 1:colcon.colcon_core.package_identification:_identify(/home/ubuntu/ros2_ws/src/my_py_pkg/my_py_pkg/log) ignored
[0.577s] Level 1:colcon.colcon_core.package_discovery:discover_packages(recursive) using defaults
